# JRE version: OpenJDK Runtime Environment Temurin-17.0.10+7 (17.0.10+7) (build 17.0.10+7)
# Java VM: OpenJDK 64-Bit Server VM Temurin-17.0.10+7 (17.0.10+7, mixed mode, tiered, compressed oops, compressed class ptrs, parallel gc, windows-amd64)
GC Precious Log:
 CPUs: 4 total, 4 available
 Memory: 12014M
 Large Page Support: Disabled
 NUMA Support: Disabled
 Compressed Oops: Enabled (32-bit)
 Alignments: Space 512K, Generation 512K, Heap 2M
 Heap Min Capacity: 100M
 Heap Initial Capacity: 100M
 Heap Max Capacity: 1G
 Pre-touch: Disabled
 Parallel Workers: 4
Heap:
 PSYoungGen      total 23040K, used 13470K [0x00000000eab00000, 0x00000000ec500000, 0x0000000100000000)
  eden space 21504K, 55% used [0x00000000eab00000,0x00000000eb6ba4e0,0x00000000ec000000)
  from space 1536K, 95% used [0x00000000ec000000,0x00000000ec16d5e0,0x00000000ec180000)
  to   space 2560K, 0% used [0x00000000ec280000,0x00000000ec280000,0x00000000ec500000)
 ParOldGen       total 68608K, used 24118K [0x00000000c0000000, 0x00000000c4300000, 0x00000000eab00000)
  object space 68608K, 35% used [0x00000000c0000000,0x00000000c178db08,0x00000000c4300000)
 Metaspace       used 55485K, committed 56576K, reserved 1114112K
  class space    used 6075K, committed 6592K, reserved 1048576K
GC Heap History (20 events):
Event: 34.706 GC heap before
{Heap before GC invocations=12 (full 1):
 PSYoungGen      total 25088K, used 17941K [0x00000000eab00000, 0x00000000ec800000, 0x0000000100000000)
  eden space 23552K, 69% used [0x00000000eab00000,0x00000000ebb11280,0x00000000ec200000)
  from space 1536K, 96% used [0x00000000ec680000,0x00000000ec7f42f0,0x00000000ec800000)
  to   space 2560K, 0% used [0x00000000ec300000,0x00000000ec300000,0x00000000ec580000)
 ParOldGen       total 68608K, used 14467K [0x00000000c0000000, 0x00000000c4300000, 0x00000000eab00000)
  object space 68608K, 21% used [0x00000000c0000000,0x00000000c0e20c30,0x00000000c4300000)
 Metaspace       used 35150K, committed 35840K, reserved 1114112K
  class space    used 3563K, committed 3840K, reserved 1048576K
}
Event: 34.709 GC heap after
{Heap after GC invocations=12 (full 1):
 PSYoungGen      total 26112K, used 880K [0x00000000eab00000, 0x00000000ec700000, 0x0000000100000000)
  eden space 23552K, 0% used [0x00000000eab00000,0x00000000eab00000,0x00000000ec200000)
  from space 2560K, 34% used [0x00000000ec300000,0x00000000ec3dc020,0x00000000ec580000)
  to   space 1536K, 0% used [0x00000000ec580000,0x00000000ec580000,0x00000000ec700000)
 ParOldGen       total 68608K, used 15889K [0x00000000c0000000, 0x00000000c4300000, 0x00000000eab00000)
  object space 68608K, 23% used [0x00000000c0000000,0x00000000c0f84448,0x00000000c4300000)
 Metaspace       used 35150K, committed 35840K, reserved 1114112K
  class space    used 3563K, committed 3840K, reserved 1048576K
}
Event: 34.709 GC heap before
{Heap before GC invocations=13 (full 2):
 PSYoungGen      total 26112K, used 880K [0x00000000eab00000, 0x00000000ec700000, 0x0000000100000000)
  eden space 23552K, 0% used [0x00000000eab00000,0x00000000eab00000,0x00000000ec200000)
  from space 2560K, 34% used [0x00000000ec300000,0x00000000ec3dc020,0x00000000ec580000)
  to   space 1536K, 0% used [0x00000000ec580000,0x00000000ec580000,0x00000000ec700000)
 ParOldGen       total 68608K, used 15889K [0x00000000c0000000, 0x00000000c4300000, 0x00000000eab00000)
  object space 68608K, 23% used [0x00000000c0000000,0x00000000c0f84448,0x00000000c4300000)
 Metaspace       used 35150K, committed 35840K, reserved 1114112K
  class space    used 3563K, committed 3840K, reserved 1048576K
}
Event: 34.749 GC heap after
{Heap after GC invocations=13 (full 2):
 PSYoungGen      total 26112K, used 0K [0x00000000eab00000, 0x00000000ec700000, 0x0000000100000000)
  eden space 23552K, 0% used [0x00000000eab00000,0x00000000eab00000,0x00000000ec200000)
  from space 2560K, 0% used [0x00000000ec300000,0x00000000ec300000,0x00000000ec580000)
  to   space 1536K, 0% used [0x00000000ec580000,0x00000000ec580000,0x00000000ec700000)
 ParOldGen       total 68608K, used 13812K [0x00000000c0000000, 0x00000000c4300000, 0x00000000eab00000)
  object space 68608K, 20% used [0x00000000c0000000,0x00000000c0d7d060,0x00000000c4300000)
 Metaspace       used 35137K, committed 35840K, reserved 1114112K
  class space    used 3560K, committed 3840K, reserved 1048576K
}
Event: 35.099 GC heap before
{Heap before GC invocations=14 (full 2):
 PSYoungGen      total 26112K, used 23552K [0x00000000eab00000, 0x00000000ec700000, 0x0000000100000000)
  eden space 23552K, 100% used [0x00000000eab00000,0x00000000ec200000,0x00000000ec200000)
  from space 2560K, 0% used [0x00000000ec300000,0x00000000ec300000,0x00000000ec580000)
  to   space 1536K, 0% used [0x00000000ec580000,0x00000000ec580000,0x00000000ec700000)
 ParOldGen       total 68608K, used 13812K [0x00000000c0000000, 0x00000000c4300000, 0x00000000eab00000)
  object space 68608K, 20% used [0x00000000c0000000,0x00000000c0d7d060,0x00000000c4300000)
 Metaspace       used 36387K, committed 37248K, reserved 1114112K
  class space    used 3651K, committed 4032K, reserved 1048576K
}
Event: 35.102 GC heap after
{Heap after GC invocations=14 (full 2):
 PSYoungGen      total 24576K, used 1306K [0x00000000eab00000, 0x00000000ec700000, 0x0000000100000000)
  eden space 23040K, 0% used [0x00000000eab00000,0x00000000eab00000,0x00000000ec180000)
  from space 1536K, 85% used [0x00000000ec580000,0x00000000ec6c6ab0,0x00000000ec700000)
  to   space 1536K, 0% used [0x00000000ec400000,0x00000000ec400000,0x00000000ec580000)
 ParOldGen       total 68608K, used 15382K [0x00000000c0000000, 0x00000000c4300000, 0x00000000eab00000)
  object space 68608K, 22% used [0x00000000c0000000,0x00000000c0f05a80,0x00000000c4300000)
 Metaspace       used 36387K, committed 37248K, reserved 1114112K
  class space    used 3651K, committed 4032K, reserved 1048576K
}
Event: 37.362 GC heap before
{Heap before GC invocations=15 (full 2):
 PSYoungGen      total 24576K, used 24346K [0x00000000eab00000, 0x00000000ec700000, 0x0000000100000000)
  eden space 23040K, 99% used [0x00000000eab00000,0x00000000ec17ffe0,0x00000000ec180000)
  from space 1536K, 85% used [0x00000000ec580000,0x00000000ec6c6ab0,0x00000000ec700000)
  to   space 1536K, 0% used [0x00000000ec400000,0x00000000ec400000,0x00000000ec580000)
 ParOldGen       total 68608K, used 15382K [0x00000000c0000000, 0x00000000c4300000, 0x00000000eab00000)
  object space 68608K, 22% used [0x00000000c0000000,0x00000000c0f05a80,0x00000000c4300000)
 Metaspace       used 38909K, committed 39680K, reserved 1114112K
  class space    used 3933K, committed 4288K, reserved 1048576K
}
Event: 37.365 GC heap after
{Heap after GC invocations=15 (full 2):
 PSYoungGen      total 24064K, used 1252K [0x00000000eab00000, 0x00000000ec600000, 0x0000000100000000)
  eden space 22528K, 0% used [0x00000000eab00000,0x00000000eab00000,0x00000000ec100000)
  from space 1536K, 81% used [0x00000000ec400000,0x00000000ec539210,0x00000000ec580000)
  to   space 512K, 0% used [0x00000000ec580000,0x00000000ec580000,0x00000000ec600000)
 ParOldGen       total 68608K, used 16508K [0x00000000c0000000, 0x00000000c4300000, 0x00000000eab00000)
  object space 68608K, 24% used [0x00000000c0000000,0x00000000c101f268,0x00000000c4300000)
 Metaspace       used 38909K, committed 39680K, reserved 1114112K
  class space    used 3933K, committed 4288K, reserved 1048576K
}
Event: 37.937 GC heap before
{Heap before GC invocations=16 (full 2):
 PSYoungGen      total 24064K, used 23780K [0x00000000eab00000, 0x00000000ec600000, 0x0000000100000000)
  eden space 22528K, 100% used [0x00000000eab00000,0x00000000ec100000,0x00000000ec100000)
  from space 1536K, 81% used [0x00000000ec400000,0x00000000ec539210,0x00000000ec580000)
  to   space 512K, 0% used [0x00000000ec580000,0x00000000ec580000,0x00000000ec600000)
 ParOldGen       total 68608K, used 16508K [0x00000000c0000000, 0x00000000c4300000, 0x00000000eab00000)
  object space 68608K, 24% used [0x00000000c0000000,0x00000000c101f268,0x00000000c4300000)
 Metaspace       used 41381K, committed 42240K, reserved 1114112K
  class space    used 4261K, committed 4672K, reserved 1048576K
}
Event: 37.941 GC heap after
{Heap after GC invocations=16 (full 2):
 PSYoungGen      total 22528K, used 512K [0x00000000eab00000, 0x00000000ec600000, 0x0000000100000000)
  eden space 22016K, 0% used [0x00000000eab00000,0x00000000eab00000,0x00000000ec080000)
  from space 512K, 100% used [0x00000000ec580000,0x00000000ec600000,0x00000000ec600000)
  to   space 2560K, 0% used [0x00000000ec100000,0x00000000ec100000,0x00000000ec380000)
 ParOldGen       total 68608K, used 18054K [0x00000000c0000000, 0x00000000c4300000, 0x00000000eab00000)
  object space 68608K, 26% used [0x00000000c0000000,0x00000000c11a1928,0x00000000c4300000)
 Metaspace       used 41381K, committed 42240K, reserved 1114112K
  class space    used 4261K, committed 4672K, reserved 1048576K
}
Event: 39.519 GC heap before
{Heap before GC invocations=17 (full 2):
 PSYoungGen      total 22528K, used 22528K [0x00000000eab00000, 0x00000000ec600000, 0x0000000100000000)
  eden space 22016K, 100% used [0x00000000eab00000,0x00000000ec080000,0x00000000ec080000)
  from space 512K, 100% used [0x00000000ec580000,0x00000000ec600000,0x00000000ec600000)
  to   space 2560K, 0% used [0x00000000ec100000,0x00000000ec100000,0x00000000ec380000)
 ParOldGen       total 68608K, used 18054K [0x00000000c0000000, 0x00000000c4300000, 0x00000000eab00000)
  object space 68608K, 26% used [0x00000000c0000000,0x00000000c11a1928,0x00000000c4300000)
 Metaspace       used 44325K, committed 45248K, reserved 1114112K
  class space    used 4637K, committed 5056K, reserved 1048576K
}
Event: 39.521 GC heap after
{Heap after GC invocations=17 (full 2):
 PSYoungGen      total 24576K, used 1201K [0x00000000eab00000, 0x00000000ec600000, 0x0000000100000000)
  eden space 22016K, 0% used [0x00000000eab00000,0x00000000eab00000,0x00000000ec080000)
  from space 2560K, 46% used [0x00000000ec100000,0x00000000ec22c780,0x00000000ec380000)
  to   space 1536K, 0% used [0x00000000ec480000,0x00000000ec480000,0x00000000ec600000)
 ParOldGen       total 68608K, used 18566K [0x00000000c0000000, 0x00000000c4300000, 0x00000000eab00000)
  object space 68608K, 27% used [0x00000000c0000000,0x00000000c1221928,0x00000000c4300000)
 Metaspace       used 44325K, committed 45248K, reserved 1114112K
  class space    used 4637K, committed 5056K, reserved 1048576K
}
Event: 40.652 GC heap before
{Heap before GC invocations=18 (full 2):
 PSYoungGen      total 24576K, used 23217K [0x00000000eab00000, 0x00000000ec600000, 0x0000000100000000)
  eden space 22016K, 100% used [0x00000000eab00000,0x00000000ec080000,0x00000000ec080000)
  from space 2560K, 46% used [0x00000000ec100000,0x00000000ec22c780,0x00000000ec380000)
  to   space 1536K, 0% used [0x00000000ec480000,0x00000000ec480000,0x00000000ec600000)
 ParOldGen       total 68608K, used 18566K [0x00000000c0000000, 0x00000000c4300000, 0x00000000eab00000)
  object space 68608K, 27% used [0x00000000c0000000,0x00000000c1221928,0x00000000c4300000)
 Metaspace       used 47263K, committed 48256K, reserved 1114112K
  class space    used 5006K, committed 5440K, reserved 1048576K
}
Event: 40.655 GC heap after
{Heap after GC invocations=18 (full 2):
 PSYoungGen      total 23552K, used 1306K [0x00000000eab00000, 0x00000000ec600000, 0x0000000100000000)
  eden space 22016K, 0% used [0x00000000eab00000,0x00000000eab00000,0x00000000ec080000)
  from space 1536K, 85% used [0x00000000ec480000,0x00000000ec5c68a8,0x00000000ec600000)
  to   space 1536K, 0% used [0x00000000ec300000,0x00000000ec300000,0x00000000ec480000)
 ParOldGen       total 68608K, used 19646K [0x00000000c0000000, 0x00000000c4300000, 0x00000000eab00000)
  object space 68608K, 28% used [0x00000000c0000000,0x00000000c132f878,0x00000000c4300000)
 Metaspace       used 47263K, committed 48256K, reserved 1114112K
  class space    used 5006K, committed 5440K, reserved 1048576K
}
Event: 41.498 GC heap before
{Heap before GC invocations=19 (full 2):
 PSYoungGen      total 23552K, used 23322K [0x00000000eab00000, 0x00000000ec600000, 0x0000000100000000)
  eden space 22016K, 100% used [0x00000000eab00000,0x00000000ec080000,0x00000000ec080000)
  from space 1536K, 85% used [0x00000000ec480000,0x00000000ec5c68a8,0x00000000ec600000)
  to   space 1536K, 0% used [0x00000000ec300000,0x00000000ec300000,0x00000000ec480000)
 ParOldGen       total 68608K, used 19646K [0x00000000c0000000, 0x00000000c4300000, 0x00000000eab00000)
  object space 68608K, 28% used [0x00000000c0000000,0x00000000c132f878,0x00000000c4300000)
 Metaspace       used 49923K, committed 50944K, reserved 1114112K
  class space    used 5358K, committed 5824K, reserved 1048576K
}
Event: 41.501 GC heap after
{Heap after GC invocations=19 (full 2):
 PSYoungGen      total 23040K, used 960K [0x00000000eab00000, 0x00000000ec500000, 0x0000000100000000)
  eden space 22016K, 0% used [0x00000000eab00000,0x00000000eab00000,0x00000000ec080000)
  from space 1024K, 93% used [0x00000000ec300000,0x00000000ec3f0000,0x00000000ec400000)
  to   space 1024K, 0% used [0x00000000ec400000,0x00000000ec400000,0x00000000ec500000)
 ParOldGen       total 68608K, used 20885K [0x00000000c0000000, 0x00000000c4300000, 0x00000000eab00000)
  object space 68608K, 30% used [0x00000000c0000000,0x00000000c1465558,0x00000000c4300000)
 Metaspace       used 49923K, committed 50944K, reserved 1114112K
  class space    used 5358K, committed 5824K, reserved 1048576K
}
Event: 42.638 GC heap before
{Heap before GC invocations=20 (full 2):
 PSYoungGen      total 23040K, used 22976K [0x00000000eab00000, 0x00000000ec500000, 0x0000000100000000)
  eden space 22016K, 100% used [0x00000000eab00000,0x00000000ec080000,0x00000000ec080000)
  from space 1024K, 93% used [0x00000000ec300000,0x00000000ec3f0000,0x00000000ec400000)
  to   space 1024K, 0% used [0x00000000ec400000,0x00000000ec400000,0x00000000ec500000)
 ParOldGen       total 68608K, used 20885K [0x00000000c0000000, 0x00000000c4300000, 0x00000000eab00000)
  object space 68608K, 30% used [0x00000000c0000000,0x00000000c1465558,0x00000000c4300000)
 Metaspace       used 52775K, committed 53760K, reserved 1114112K
  class space    used 5701K, committed 6144K, reserved 1048576K
}
Event: 42.642 GC heap after
{Heap after GC invocations=20 (full 2):
 PSYoungGen      total 22528K, used 1005K [0x00000000eab00000, 0x00000000ec880000, 0x0000000100000000)
  eden space 21504K, 0% used [0x00000000eab00000,0x00000000eab00000,0x00000000ec000000)
  from space 1024K, 98% used [0x00000000ec400000,0x00000000ec4fb668,0x00000000ec500000)
  to   space 4096K, 0% used [0x00000000ec000000,0x00000000ec000000,0x00000000ec400000)
 ParOldGen       total 68608K, used 23106K [0x00000000c0000000, 0x00000000c4300000, 0x00000000eab00000)
  object space 68608K, 33% used [0x00000000c0000000,0x00000000c1690b98,0x00000000c4300000)
 Metaspace       used 52775K, committed 53760K, reserved 1114112K
  class space    used 5701K, committed 6144K, reserved 1048576K
}
Event: 47.561 GC heap before
{Heap before GC invocations=21 (full 2):
 PSYoungGen      total 22528K, used 22509K [0x00000000eab00000, 0x00000000ec880000, 0x0000000100000000)
  eden space 21504K, 100% used [0x00000000eab00000,0x00000000ec000000,0x00000000ec000000)
  from space 1024K, 98% used [0x00000000ec400000,0x00000000ec4fb668,0x00000000ec500000)
  to   space 4096K, 0% used [0x00000000ec000000,0x00000000ec000000,0x00000000ec400000)
 ParOldGen       total 68608K, used 23106K [0x00000000c0000000, 0x00000000c4300000, 0x00000000eab00000)
  object space 68608K, 33% used [0x00000000c0000000,0x00000000c1690b98,0x00000000c4300000)
 Metaspace       used 55301K, committed 56320K, reserved 1114112K
  class space    used 6050K, committed 6528K, reserved 1048576K
}
Event: 47.563 GC heap after
{Heap after GC invocations=21 (full 2):
 PSYoungGen      total 23040K, used 1461K [0x00000000eab00000, 0x00000000ec500000, 0x0000000100000000)
  eden space 21504K, 0% used [0x00000000eab00000,0x00000000eab00000,0x00000000ec000000)
  from space 1536K, 95% used [0x00000000ec000000,0x00000000ec16d5e0,0x00000000ec180000)
  to   space 2560K, 0% used [0x00000000ec280000,0x00000000ec280000,0x00000000ec500000)
 ParOldGen       total 68608K, used 24118K [0x00000000c0000000, 0x00000000c4300000, 0x00000000eab00000)
  object space 68608K, 35% used [0x00000000c0000000,0x00000000c178db08,0x00000000c4300000)
 Metaspace       used 55301K, committed 56320K, reserved 1114112K
  class space    used 6050K, committed 6528K, reserved 1048576K
}

