# JRE version: OpenJDK Runtime Environment Temurin-17.0.10+7 (17.0.10+7) (build 17.0.10+7)
# Java VM: OpenJDK 64-Bit Server VM Temurin-17.0.10+7 (17.0.10+7, mixed mode, tiered, compressed oops, compressed class ptrs, parallel gc, windows-amd64)
GC Precious Log:
 CPUs: 4 total, 4 available
 Memory: 12014M
 Large Page Support: Disabled
 NUMA Support: Disabled
 Compressed Oops: Enabled (32-bit)
 Alignments: Space 512K, Generation 512K, Heap 2M
 Heap Min Capacity: 100M
 Heap Initial Capacity: 100M
 Heap Max Capacity: 1G
 Pre-touch: Disabled
 Parallel Workers: 4
Heap:
 PSYoungGen      total 23552K, used 23392K [0x00000000eab00000, 0x00000000ec680000, 0x0000000100000000)
  eden space 21504K, 100% used [0x00000000eab00000,0x00000000ec000000,0x00000000ec000000)
  from space 2048K, 92% used [0x00000000ec480000,0x00000000ec658020,0x00000000ec680000)
  to   space 2560K, 0% used [0x00000000ec180000,0x00000000ec180000,0x00000000ec400000)
 ParOldGen       total 68608K, used 37069K [0x00000000c0000000, 0x00000000c4300000, 0x00000000eab00000)
  object space 68608K, 54% used [0x00000000c0000000,0x00000000c24335d8,0x00000000c4300000)
 Metaspace       used 58959K, committed 60096K, reserved 1114112K
  class space    used 6391K, committed 6912K, reserved 1048576K
GC Heap History (20 events):
Event: 13.993 GC heap before
{Heap before GC invocations=22 (full 2):
 PSYoungGen      total 25088K, used 25056K [0x00000000eab00000, 0x00000000ed100000, 0x0000000100000000)
  eden space 21504K, 100% used [0x00000000eab00000,0x00000000ec000000,0x00000000ec000000)
  from space 3584K, 99% used [0x00000000ec000000,0x00000000ec378010,0x00000000ec380000)
  to   space 8704K, 0% used [0x00000000ec880000,0x00000000ec880000,0x00000000ed100000)
 ParOldGen       total 68608K, used 28308K [0x00000000c0000000, 0x00000000c4300000, 0x00000000eab00000)
  object space 68608K, 41% used [0x00000000c0000000,0x00000000c1ba5168,0x00000000c4300000)
 Metaspace       used 56328K, committed 57344K, reserved 1114112K
  class space    used 6183K, committed 6656K, reserved 1048576K
}
Event: 13.996 GC heap after
{Heap after GC invocations=22 (full 2):
 PSYoungGen      total 23552K, used 2016K [0x00000000eab00000, 0x00000000eca80000, 0x0000000100000000)
  eden space 21504K, 0% used [0x00000000eab00000,0x00000000eab00000,0x00000000ec000000)
  from space 2048K, 98% used [0x00000000ec880000,0x00000000eca782d0,0x00000000eca80000)
  to   space 4096K, 0% used [0x00000000ec280000,0x00000000ec280000,0x00000000ec680000)
 ParOldGen       total 68608K, used 29814K [0x00000000c0000000, 0x00000000c4300000, 0x00000000eab00000)
  object space 68608K, 43% used [0x00000000c0000000,0x00000000c1d1d948,0x00000000c4300000)
 Metaspace       used 56328K, committed 57344K, reserved 1114112K
  class space    used 6183K, committed 6656K, reserved 1048576K
}
Event: 14.579 GC heap before
{Heap before GC invocations=23 (full 2):
 PSYoungGen      total 23552K, used 23520K [0x00000000eab00000, 0x00000000eca80000, 0x0000000100000000)
  eden space 21504K, 100% used [0x00000000eab00000,0x00000000ec000000,0x00000000ec000000)
  from space 2048K, 98% used [0x00000000ec880000,0x00000000eca782d0,0x00000000eca80000)
  to   space 4096K, 0% used [0x00000000ec280000,0x00000000ec280000,0x00000000ec680000)
 ParOldGen       total 68608K, used 29814K [0x00000000c0000000, 0x00000000c4300000, 0x00000000eab00000)
  object space 68608K, 43% used [0x00000000c0000000,0x00000000c1d1d948,0x00000000c4300000)
 Metaspace       used 56480K, committed 57600K, reserved 1114112K
  class space    used 6194K, committed 6720K, reserved 1048576K
}
Event: 14.585 GC heap after
{Heap after GC invocations=23 (full 2):
 PSYoungGen      total 25600K, used 4081K [0x00000000eab00000, 0x00000000ed100000, 0x0000000100000000)
  eden space 21504K, 0% used [0x00000000eab00000,0x00000000eab00000,0x00000000ec000000)
  from space 4096K, 99% used [0x00000000ec280000,0x00000000ec67c5b8,0x00000000ec680000)
  to   space 8704K, 0% used [0x00000000ec880000,0x00000000ec880000,0x00000000ed100000)
 ParOldGen       total 68608K, used 33291K [0x00000000c0000000, 0x00000000c4300000, 0x00000000eab00000)
  object space 68608K, 48% used [0x00000000c0000000,0x00000000c2082d08,0x00000000c4300000)
 Metaspace       used 56480K, committed 57600K, reserved 1114112K
  class space    used 6194K, committed 6720K, reserved 1048576K
}
Event: 15.405 GC heap before
{Heap before GC invocations=24 (full 2):
 PSYoungGen      total 25600K, used 25585K [0x00000000eab00000, 0x00000000ed100000, 0x0000000100000000)
  eden space 21504K, 100% used [0x00000000eab00000,0x00000000ec000000,0x00000000ec000000)
  from space 4096K, 99% used [0x00000000ec280000,0x00000000ec67c5b8,0x00000000ec680000)
  to   space 8704K, 0% used [0x00000000ec880000,0x00000000ec880000,0x00000000ed100000)
 ParOldGen       total 68608K, used 33291K [0x00000000c0000000, 0x00000000c4300000, 0x00000000eab00000)
  object space 68608K, 48% used [0x00000000c0000000,0x00000000c2082d08,0x00000000c4300000)
 Metaspace       used 56923K, committed 58048K, reserved 1114112K
  class space    used 6225K, committed 6720K, reserved 1048576K
}
Event: 15.409 GC heap after
{Heap after GC invocations=24 (full 2):
 PSYoungGen      total 24576K, used 3024K [0x00000000eab00000, 0x00000000ecb80000, 0x0000000100000000)
  eden space 21504K, 0% used [0x00000000eab00000,0x00000000eab00000,0x00000000ec000000)
  from space 3072K, 98% used [0x00000000ec880000,0x00000000ecb74020,0x00000000ecb80000)
  to   space 5120K, 0% used [0x00000000ec180000,0x00000000ec180000,0x00000000ec680000)
 ParOldGen       total 68608K, used 34597K [0x00000000c0000000, 0x00000000c4300000, 0x00000000eab00000)
  object space 68608K, 50% used [0x00000000c0000000,0x00000000c21c9688,0x00000000c4300000)
 Metaspace       used 56923K, committed 58048K, reserved 1114112K
  class space    used 6225K, committed 6720K, reserved 1048576K
}
Event: 16.038 GC heap before
{Heap before GC invocations=25 (full 2):
 PSYoungGen      total 24576K, used 24528K [0x00000000eab00000, 0x00000000ecb80000, 0x0000000100000000)
  eden space 21504K, 100% used [0x00000000eab00000,0x00000000ec000000,0x00000000ec000000)
  from space 3072K, 98% used [0x00000000ec880000,0x00000000ecb74020,0x00000000ecb80000)
  to   space 5120K, 0% used [0x00000000ec180000,0x00000000ec180000,0x00000000ec680000)
 ParOldGen       total 68608K, used 34597K [0x00000000c0000000, 0x00000000c4300000, 0x00000000eab00000)
  object space 68608K, 50% used [0x00000000c0000000,0x00000000c21c9688,0x00000000c4300000)
 Metaspace       used 57043K, committed 58112K, reserved 1114112K
  class space    used 6226K, committed 6720K, reserved 1048576K
}
Event: 16.041 GC heap after
{Heap after GC invocations=25 (full 2):
 PSYoungGen      total 26624K, used 1280K [0x00000000eab00000, 0x00000000ec900000, 0x0000000100000000)
  eden space 21504K, 0% used [0x00000000eab00000,0x00000000eab00000,0x00000000ec000000)
  from space 5120K, 25% used [0x00000000ec180000,0x00000000ec2c0000,0x00000000ec680000)
  to   space 2560K, 0% used [0x00000000ec680000,0x00000000ec680000,0x00000000ec900000)
 ParOldGen       total 68608K, used 37157K [0x00000000c0000000, 0x00000000c4300000, 0x00000000eab00000)
  object space 68608K, 54% used [0x00000000c0000000,0x00000000c24496e8,0x00000000c4300000)
 Metaspace       used 57043K, committed 58112K, reserved 1114112K
  class space    used 6226K, committed 6720K, reserved 1048576K
}
Event: 16.713 GC heap before
{Heap before GC invocations=26 (full 2):
 PSYoungGen      total 26624K, used 22784K [0x00000000eab00000, 0x00000000ec900000, 0x0000000100000000)
  eden space 21504K, 100% used [0x00000000eab00000,0x00000000ec000000,0x00000000ec000000)
  from space 5120K, 25% used [0x00000000ec180000,0x00000000ec2c0000,0x00000000ec680000)
  to   space 2560K, 0% used [0x00000000ec680000,0x00000000ec680000,0x00000000ec900000)
 ParOldGen       total 68608K, used 37157K [0x00000000c0000000, 0x00000000c4300000, 0x00000000eab00000)
  object space 68608K, 54% used [0x00000000c0000000,0x00000000c24496e8,0x00000000c4300000)
 Metaspace       used 58165K, committed 59264K, reserved 1114112K
  class space    used 6355K, committed 6848K, reserved 1048576K
}
Event: 16.717 GC heap after
{Heap after GC invocations=26 (full 2):
 PSYoungGen      total 23552K, used 1806K [0x00000000eab00000, 0x00000000ec880000, 0x0000000100000000)
  eden space 21504K, 0% used [0x00000000eab00000,0x00000000eab00000,0x00000000ec000000)
  from space 2048K, 88% used [0x00000000ec680000,0x00000000ec843bb8,0x00000000ec880000)
  to   space 2048K, 0% used [0x00000000ec480000,0x00000000ec480000,0x00000000ec680000)
 ParOldGen       total 68608K, used 37325K [0x00000000c0000000, 0x00000000c4300000, 0x00000000eab00000)
  object space 68608K, 54% used [0x00000000c0000000,0x00000000c24736e8,0x00000000c4300000)
 Metaspace       used 58165K, committed 59264K, reserved 1114112K
  class space    used 6355K, committed 6848K, reserved 1048576K
}
Event: 19.338 GC heap before
{Heap before GC invocations=27 (full 2):
 PSYoungGen      total 23552K, used 23310K [0x00000000eab00000, 0x00000000ec880000, 0x0000000100000000)
  eden space 21504K, 100% used [0x00000000eab00000,0x00000000ec000000,0x00000000ec000000)
  from space 2048K, 88% used [0x00000000ec680000,0x00000000ec843bb8,0x00000000ec880000)
  to   space 2048K, 0% used [0x00000000ec480000,0x00000000ec480000,0x00000000ec680000)
 ParOldGen       total 68608K, used 37325K [0x00000000c0000000, 0x00000000c4300000, 0x00000000eab00000)
  object space 68608K, 54% used [0x00000000c0000000,0x00000000c24736e8,0x00000000c4300000)
 Metaspace       used 58675K, committed 59776K, reserved 1114112K
  class space    used 6388K, committed 6912K, reserved 1048576K
}
Event: 19.344 GC heap after
{Heap after GC invocations=27 (full 2):
 PSYoungGen      total 23552K, used 2028K [0x00000000eab00000, 0x00000000ecd00000, 0x0000000100000000)
  eden space 21504K, 0% used [0x00000000eab00000,0x00000000eab00000,0x00000000ec000000)
  from space 2048K, 99% used [0x00000000ec480000,0x00000000ec67b008,0x00000000ec680000)
  to   space 6656K, 0% used [0x00000000ec680000,0x00000000ec680000,0x00000000ecd00000)
 ParOldGen       total 68608K, used 40962K [0x00000000c0000000, 0x00000000c4300000, 0x00000000eab00000)
  object space 68608K, 59% used [0x00000000c0000000,0x00000000c28009c8,0x00000000c4300000)
 Metaspace       used 58675K, committed 59776K, reserved 1114112K
  class space    used 6388K, committed 6912K, reserved 1048576K
}
Event: 19.568 GC heap before
{Heap before GC invocations=28 (full 2):
 PSYoungGen      total 23552K, used 5187K [0x00000000eab00000, 0x00000000ecd00000, 0x0000000100000000)
  eden space 21504K, 14% used [0x00000000eab00000,0x00000000eae15fa0,0x00000000ec000000)
  from space 2048K, 99% used [0x00000000ec480000,0x00000000ec67b008,0x00000000ec680000)
  to   space 6656K, 0% used [0x00000000ec680000,0x00000000ec680000,0x00000000ecd00000)
 ParOldGen       total 68608K, used 40962K [0x00000000c0000000, 0x00000000c4300000, 0x00000000eab00000)
  object space 68608K, 59% used [0x00000000c0000000,0x00000000c28009c8,0x00000000c4300000)
 Metaspace       used 58694K, committed 59776K, reserved 1114112K
  class space    used 6390K, committed 6912K, reserved 1048576K
}
Event: 19.572 GC heap after
{Heap after GC invocations=28 (full 2):
 PSYoungGen      total 22528K, used 880K [0x00000000eab00000, 0x00000000ec780000, 0x0000000100000000)
  eden space 21504K, 0% used [0x00000000eab00000,0x00000000eab00000,0x00000000ec000000)
  from space 1024K, 85% used [0x00000000ec680000,0x00000000ec75c098,0x00000000ec780000)
  to   space 3072K, 0% used [0x00000000ec180000,0x00000000ec180000,0x00000000ec480000)
 ParOldGen       total 68608K, used 42898K [0x00000000c0000000, 0x00000000c4300000, 0x00000000eab00000)
  object space 68608K, 62% used [0x00000000c0000000,0x00000000c29e49d8,0x00000000c4300000)
 Metaspace       used 58694K, committed 59776K, reserved 1114112K
  class space    used 6390K, committed 6912K, reserved 1048576K
}
Event: 19.572 GC heap before
{Heap before GC invocations=29 (full 3):
 PSYoungGen      total 22528K, used 880K [0x00000000eab00000, 0x00000000ec780000, 0x0000000100000000)
  eden space 21504K, 0% used [0x00000000eab00000,0x00000000eab00000,0x00000000ec000000)
  from space 1024K, 85% used [0x00000000ec680000,0x00000000ec75c098,0x00000000ec780000)
  to   space 3072K, 0% used [0x00000000ec180000,0x00000000ec180000,0x00000000ec480000)
 ParOldGen       total 68608K, used 42898K [0x00000000c0000000, 0x00000000c4300000, 0x00000000eab00000)
  object space 68608K, 62% used [0x00000000c0000000,0x00000000c29e49d8,0x00000000c4300000)
 Metaspace       used 58694K, committed 59776K, reserved 1114112K
  class space    used 6390K, committed 6912K, reserved 1048576K
}
Event: 19.670 GC heap after
{Heap after GC invocations=29 (full 3):
 PSYoungGen      total 22528K, used 0K [0x00000000eab00000, 0x00000000ec780000, 0x0000000100000000)
  eden space 21504K, 0% used [0x00000000eab00000,0x00000000eab00000,0x00000000ec000000)
  from space 1024K, 0% used [0x00000000ec680000,0x00000000ec680000,0x00000000ec780000)
  to   space 3072K, 0% used [0x00000000ec180000,0x00000000ec180000,0x00000000ec480000)
 ParOldGen       total 68608K, used 34647K [0x00000000c0000000, 0x00000000c4300000, 0x00000000eab00000)
  object space 68608K, 50% used [0x00000000c0000000,0x00000000c21d5dc8,0x00000000c4300000)
 Metaspace       used 58694K, committed 59776K, reserved 1114112K
  class space    used 6390K, committed 6912K, reserved 1048576K
}
Event: 20.385 GC heap before
{Heap before GC invocations=30 (full 3):
 PSYoungGen      total 22528K, used 21504K [0x00000000eab00000, 0x00000000ec780000, 0x0000000100000000)
  eden space 21504K, 100% used [0x00000000eab00000,0x00000000ec000000,0x00000000ec000000)
  from space 1024K, 0% used [0x00000000ec680000,0x00000000ec680000,0x00000000ec780000)
  to   space 3072K, 0% used [0x00000000ec180000,0x00000000ec180000,0x00000000ec480000)
 ParOldGen       total 68608K, used 34647K [0x00000000c0000000, 0x00000000c4300000, 0x00000000eab00000)
  object space 68608K, 50% used [0x00000000c0000000,0x00000000c21d5dc8,0x00000000c4300000)
 Metaspace       used 58784K, committed 59904K, reserved 1114112K
  class space    used 6391K, committed 6912K, reserved 1048576K
}
Event: 20.387 GC heap after
{Heap after GC invocations=30 (full 3):
 PSYoungGen      total 24576K, used 2616K [0x00000000eab00000, 0x00000000ec700000, 0x0000000100000000)
  eden space 21504K, 0% used [0x00000000eab00000,0x00000000eab00000,0x00000000ec000000)
  from space 3072K, 85% used [0x00000000ec180000,0x00000000ec40e140,0x00000000ec480000)
  to   space 2560K, 0% used [0x00000000ec480000,0x00000000ec480000,0x00000000ec700000)
 ParOldGen       total 68608K, used 34655K [0x00000000c0000000, 0x00000000c4300000, 0x00000000eab00000)
  object space 68608K, 50% used [0x00000000c0000000,0x00000000c21d7dc8,0x00000000c4300000)
 Metaspace       used 58784K, committed 59904K, reserved 1114112K
  class space    used 6391K, committed 6912K, reserved 1048576K
}
Event: 20.817 GC heap before
{Heap before GC invocations=31 (full 3):
 PSYoungGen      total 24576K, used 24120K [0x00000000eab00000, 0x00000000ec700000, 0x0000000100000000)
  eden space 21504K, 100% used [0x00000000eab00000,0x00000000ec000000,0x00000000ec000000)
  from space 3072K, 85% used [0x00000000ec180000,0x00000000ec40e140,0x00000000ec480000)
  to   space 2560K, 0% used [0x00000000ec480000,0x00000000ec480000,0x00000000ec700000)
 ParOldGen       total 68608K, used 34655K [0x00000000c0000000, 0x00000000c4300000, 0x00000000eab00000)
  object space 68608K, 50% used [0x00000000c0000000,0x00000000c21d7dc8,0x00000000c4300000)
 Metaspace       used 58892K, committed 59968K, reserved 1114112K
  class space    used 6391K, committed 6912K, reserved 1048576K
}
Event: 20.821 GC heap after
{Heap after GC invocations=31 (full 3):
 PSYoungGen      total 23552K, used 1888K [0x00000000eab00000, 0x00000000ec680000, 0x0000000100000000)
  eden space 21504K, 0% used [0x00000000eab00000,0x00000000eab00000,0x00000000ec000000)
  from space 2048K, 92% used [0x00000000ec480000,0x00000000ec658020,0x00000000ec680000)
  to   space 2560K, 0% used [0x00000000ec180000,0x00000000ec180000,0x00000000ec400000)
 ParOldGen       total 68608K, used 37069K [0x00000000c0000000, 0x00000000c4300000, 0x00000000eab00000)
  object space 68608K, 54% used [0x00000000c0000000,0x00000000c24335d8,0x00000000c4300000)
 Metaspace       used 58892K, committed 59968K, reserved 1114112K
  class space    used 6391K, committed 6912K, reserved 1048576K
}

