# JRE version: OpenJDK Runtime Environment Temurin-17.0.10+7 (17.0.10+7) (build 17.0.10+7)
# Java VM: OpenJDK 64-Bit Server VM Temurin-17.0.10+7 (17.0.10+7, mixed mode, tiered, compressed oops, compressed class ptrs, parallel gc, windows-amd64)
GC Precious Log:
 CPUs: 4 total, 4 available
 Memory: 12014M
 Large Page Support: Disabled
 NUMA Support: Disabled
 Compressed Oops: Enabled (32-bit)
 Alignments: Space 512K, Generation 512K, Heap 2M
 Heap Min Capacity: 100M
 Heap Initial Capacity: 100M
 Heap Max Capacity: 1G
 Pre-touch: Disabled
 Parallel Workers: 4
Heap:
 PSYoungGen      total 17408K, used 13239K [0x00000000eab00000, 0x00000000ec380000, 0x0000000100000000)
  eden space 16896K, 78% used [0x00000000eab00000,0x00000000eb7edf68,0x00000000ebb80000)
  from space 512K, 0% used [0x00000000ec300000,0x00000000ec300000,0x00000000ec380000)
  to   space 4096K, 0% used [0x00000000ebb80000,0x00000000ebb80000,0x00000000ebf80000)
 ParOldGen       total 121344K, used 92362K [0x00000000c0000000, 0x00000000c7680000, 0x00000000eab00000)
  object space 121344K, 76% used [0x00000000c0000000,0x00000000c5a32950,0x00000000c7680000)
 Metaspace       used 61943K, committed 63232K, reserved 1114112K
  class space    used 6533K, committed 7104K, reserved 1048576K
GC Heap History (20 events):
Event: 49.009 GC heap before
{Heap before GC invocations=48 (full 4):
 PSYoungGen      total 23040K, used 23017K [0x00000000eab00000, 0x00000000ec680000, 0x0000000100000000)
  eden space 19456K, 100% used [0x00000000eab00000,0x00000000ebe00000,0x00000000ebe00000)
  from space 3584K, 99% used [0x00000000ec200000,0x00000000ec57a578,0x00000000ec580000)
  to   space 4096K, 0% used [0x00000000ebe00000,0x00000000ebe00000,0x00000000ec200000)
 ParOldGen       total 98304K, used 68153K [0x00000000c0000000, 0x00000000c6000000, 0x00000000eab00000)
  object space 98304K, 69% used [0x00000000c0000000,0x00000000c428e770,0x00000000c6000000)
 Metaspace       used 59424K, committed 60672K, reserved 1114112K
  class space    used 6284K, committed 6848K, reserved 1048576K
}
Event: 49.012 GC heap after
{Heap after GC invocations=48 (full 4):
 PSYoungGen      total 22016K, used 2427K [0x00000000eab00000, 0x00000000ec400000, 0x0000000100000000)
  eden space 19456K, 0% used [0x00000000eab00000,0x00000000eab00000,0x00000000ebe00000)
  from space 2560K, 94% used [0x00000000ebe00000,0x00000000ec05edc0,0x00000000ec080000)
  to   space 3072K, 0% used [0x00000000ec100000,0x00000000ec100000,0x00000000ec400000)
 ParOldGen       total 98304K, used 71396K [0x00000000c0000000, 0x00000000c6000000, 0x00000000eab00000)
  object space 98304K, 72% used [0x00000000c0000000,0x00000000c45b9328,0x00000000c6000000)
 Metaspace       used 59424K, committed 60672K, reserved 1114112K
  class space    used 6284K, committed 6848K, reserved 1048576K
}
Event: 49.223 GC heap before
{Heap before GC invocations=49 (full 4):
 PSYoungGen      total 22016K, used 21883K [0x00000000eab00000, 0x00000000ec400000, 0x0000000100000000)
  eden space 19456K, 100% used [0x00000000eab00000,0x00000000ebe00000,0x00000000ebe00000)
  from space 2560K, 94% used [0x00000000ebe00000,0x00000000ec05edc0,0x00000000ec080000)
  to   space 3072K, 0% used [0x00000000ec100000,0x00000000ec100000,0x00000000ec400000)
 ParOldGen       total 98304K, used 71396K [0x00000000c0000000, 0x00000000c6000000, 0x00000000eab00000)
  object space 98304K, 72% used [0x00000000c0000000,0x00000000c45b9328,0x00000000c6000000)
 Metaspace       used 59472K, committed 60736K, reserved 1114112K
  class space    used 6284K, committed 6848K, reserved 1048576K
}
Event: 49.226 GC heap after
{Heap after GC invocations=49 (full 4):
 PSYoungGen      total 21504K, used 3056K [0x00000000eab00000, 0x00000000ec600000, 0x0000000100000000)
  eden space 18432K, 0% used [0x00000000eab00000,0x00000000eab00000,0x00000000ebd00000)
  from space 3072K, 99% used [0x00000000ec100000,0x00000000ec3fc110,0x00000000ec400000)
  to   space 4096K, 0% used [0x00000000ebd00000,0x00000000ebd00000,0x00000000ec100000)
 ParOldGen       total 98304K, used 72031K [0x00000000c0000000, 0x00000000c6000000, 0x00000000eab00000)
  object space 98304K, 73% used [0x00000000c0000000,0x00000000c4657d58,0x00000000c6000000)
 Metaspace       used 59472K, committed 60736K, reserved 1114112K
  class space    used 6284K, committed 6848K, reserved 1048576K
}
Event: 49.821 GC heap before
{Heap before GC invocations=50 (full 4):
 PSYoungGen      total 21504K, used 21488K [0x00000000eab00000, 0x00000000ec600000, 0x0000000100000000)
  eden space 18432K, 100% used [0x00000000eab00000,0x00000000ebd00000,0x00000000ebd00000)
  from space 3072K, 99% used [0x00000000ec100000,0x00000000ec3fc110,0x00000000ec400000)
  to   space 4096K, 0% used [0x00000000ebd00000,0x00000000ebd00000,0x00000000ec100000)
 ParOldGen       total 98304K, used 72031K [0x00000000c0000000, 0x00000000c6000000, 0x00000000eab00000)
  object space 98304K, 73% used [0x00000000c0000000,0x00000000c4657d58,0x00000000c6000000)
 Metaspace       used 59691K, committed 60992K, reserved 1114112K
  class space    used 6304K, committed 6912K, reserved 1048576K
}
Event: 49.824 GC heap after
{Heap after GC invocations=50 (full 4):
 PSYoungGen      total 20480K, used 1877K [0x00000000eab00000, 0x00000000ec200000, 0x0000000100000000)
  eden space 18432K, 0% used [0x00000000eab00000,0x00000000eab00000,0x00000000ebd00000)
  from space 2048K, 91% used [0x00000000ebd00000,0x00000000ebed5528,0x00000000ebf00000)
  to   space 2560K, 0% used [0x00000000ebf80000,0x00000000ebf80000,0x00000000ec200000)
 ParOldGen       total 98304K, used 74978K [0x00000000c0000000, 0x00000000c6000000, 0x00000000eab00000)
  object space 98304K, 76% used [0x00000000c0000000,0x00000000c4938810,0x00000000c6000000)
 Metaspace       used 59691K, committed 60992K, reserved 1114112K
  class space    used 6304K, committed 6912K, reserved 1048576K
}
Event: 50.126 GC heap before
{Heap before GC invocations=51 (full 4):
 PSYoungGen      total 20480K, used 20309K [0x00000000eab00000, 0x00000000ec200000, 0x0000000100000000)
  eden space 18432K, 100% used [0x00000000eab00000,0x00000000ebd00000,0x00000000ebd00000)
  from space 2048K, 91% used [0x00000000ebd00000,0x00000000ebed5528,0x00000000ebf00000)
  to   space 2560K, 0% used [0x00000000ebf80000,0x00000000ebf80000,0x00000000ec200000)
 ParOldGen       total 98304K, used 74978K [0x00000000c0000000, 0x00000000c6000000, 0x00000000eab00000)
  object space 98304K, 76% used [0x00000000c0000000,0x00000000c4938810,0x00000000c6000000)
 Metaspace       used 60963K, committed 62208K, reserved 1114112K
  class space    used 6454K, committed 7040K, reserved 1048576K
}
Event: 50.129 GC heap after
{Heap after GC invocations=51 (full 4):
 PSYoungGen      total 19456K, used 2532K [0x00000000eab00000, 0x00000000ec500000, 0x0000000100000000)
  eden space 16896K, 0% used [0x00000000eab00000,0x00000000eab00000,0x00000000ebb80000)
  from space 2560K, 98% used [0x00000000ebf80000,0x00000000ec1f9130,0x00000000ec200000)
  to   space 4096K, 0% used [0x00000000ebb80000,0x00000000ebb80000,0x00000000ebf80000)
 ParOldGen       total 98304K, used 75928K [0x00000000c0000000, 0x00000000c6000000, 0x00000000eab00000)
  object space 98304K, 77% used [0x00000000c0000000,0x00000000c4a26188,0x00000000c6000000)
 Metaspace       used 60963K, committed 62208K, reserved 1114112K
  class space    used 6454K, committed 7040K, reserved 1048576K
}
Event: 50.442 GC heap before
{Heap before GC invocations=52 (full 4):
 PSYoungGen      total 19456K, used 19428K [0x00000000eab00000, 0x00000000ec500000, 0x0000000100000000)
  eden space 16896K, 100% used [0x00000000eab00000,0x00000000ebb80000,0x00000000ebb80000)
  from space 2560K, 98% used [0x00000000ebf80000,0x00000000ec1f9130,0x00000000ec200000)
  to   space 4096K, 0% used [0x00000000ebb80000,0x00000000ebb80000,0x00000000ebf80000)
 ParOldGen       total 98304K, used 75928K [0x00000000c0000000, 0x00000000c6000000, 0x00000000eab00000)
  object space 98304K, 77% used [0x00000000c0000000,0x00000000c4a26188,0x00000000c6000000)
 Metaspace       used 61643K, committed 62912K, reserved 1114112K
  class space    used 6508K, committed 7104K, reserved 1048576K
}
Event: 50.448 GC heap after
{Heap after GC invocations=52 (full 4):
 PSYoungGen      total 20992K, used 4064K [0x00000000eab00000, 0x00000000ed280000, 0x0000000100000000)
  eden space 16896K, 0% used [0x00000000eab00000,0x00000000eab00000,0x00000000ebb80000)
  from space 4096K, 99% used [0x00000000ebb80000,0x00000000ebf78248,0x00000000ebf80000)
  to   space 11776K, 0% used [0x00000000ec700000,0x00000000ec700000,0x00000000ed280000)
 ParOldGen       total 98304K, used 82141K [0x00000000c0000000, 0x00000000c6000000, 0x00000000eab00000)
  object space 98304K, 83% used [0x00000000c0000000,0x00000000c5037448,0x00000000c6000000)
 Metaspace       used 61643K, committed 62912K, reserved 1114112K
  class space    used 6508K, committed 7104K, reserved 1048576K
}
Event: 51.228 GC heap before
{Heap before GC invocations=53 (full 4):
 PSYoungGen      total 20992K, used 20960K [0x00000000eab00000, 0x00000000ed280000, 0x0000000100000000)
  eden space 16896K, 100% used [0x00000000eab00000,0x00000000ebb80000,0x00000000ebb80000)
  from space 4096K, 99% used [0x00000000ebb80000,0x00000000ebf78248,0x00000000ebf80000)
  to   space 11776K, 0% used [0x00000000ec700000,0x00000000ec700000,0x00000000ed280000)
 ParOldGen       total 98304K, used 82141K [0x00000000c0000000, 0x00000000c6000000, 0x00000000eab00000)
  object space 98304K, 83% used [0x00000000c0000000,0x00000000c5037448,0x00000000c6000000)
 Metaspace       used 61940K, committed 63232K, reserved 1114112K
  class space    used 6533K, committed 7104K, reserved 1048576K
}
Event: 51.231 GC heap after
{Heap after GC invocations=53 (full 4):
 PSYoungGen      total 18944K, used 1985K [0x00000000eab00000, 0x00000000ec900000, 0x0000000100000000)
  eden space 16896K, 0% used [0x00000000eab00000,0x00000000eab00000,0x00000000ebb80000)
  from space 2048K, 96% used [0x00000000ec700000,0x00000000ec8f06d8,0x00000000ec900000)
  to   space 5120K, 0% used [0x00000000ebf00000,0x00000000ebf00000,0x00000000ec400000)
 ParOldGen       total 98304K, used 86230K [0x00000000c0000000, 0x00000000c6000000, 0x00000000eab00000)
  object space 98304K, 87% used [0x00000000c0000000,0x00000000c54358e0,0x00000000c6000000)
 Metaspace       used 61940K, committed 63232K, reserved 1114112K
  class space    used 6533K, committed 7104K, reserved 1048576K
}
Event: 51.378 GC heap before
{Heap before GC invocations=54 (full 4):
 PSYoungGen      total 18944K, used 18881K [0x00000000eab00000, 0x00000000ec900000, 0x0000000100000000)
  eden space 16896K, 100% used [0x00000000eab00000,0x00000000ebb80000,0x00000000ebb80000)
  from space 2048K, 96% used [0x00000000ec700000,0x00000000ec8f06d8,0x00000000ec900000)
  to   space 5120K, 0% used [0x00000000ebf00000,0x00000000ebf00000,0x00000000ec400000)
 ParOldGen       total 98304K, used 86230K [0x00000000c0000000, 0x00000000c6000000, 0x00000000eab00000)
  object space 98304K, 87% used [0x00000000c0000000,0x00000000c54358e0,0x00000000c6000000)
 Metaspace       used 61940K, committed 63232K, reserved 1114112K
  class space    used 6533K, committed 7104K, reserved 1048576K
}
Event: 51.382 GC heap after
{Heap after GC invocations=54 (full 4):
 PSYoungGen      total 22016K, used 5117K [0x00000000eab00000, 0x00000000ec880000, 0x0000000100000000)
  eden space 16896K, 0% used [0x00000000eab00000,0x00000000eab00000,0x00000000ebb80000)
  from space 5120K, 99% used [0x00000000ebf00000,0x00000000ec3ff640,0x00000000ec400000)
  to   space 4608K, 0% used [0x00000000ec400000,0x00000000ec400000,0x00000000ec880000)
 ParOldGen       total 98304K, used 86686K [0x00000000c0000000, 0x00000000c6000000, 0x00000000eab00000)
  object space 98304K, 88% used [0x00000000c0000000,0x00000000c54a78e0,0x00000000c6000000)
 Metaspace       used 61940K, committed 63232K, reserved 1114112K
  class space    used 6533K, committed 7104K, reserved 1048576K
}
Event: 51.575 GC heap before
{Heap before GC invocations=55 (full 4):
 PSYoungGen      total 22016K, used 22013K [0x00000000eab00000, 0x00000000ec880000, 0x0000000100000000)
  eden space 16896K, 100% used [0x00000000eab00000,0x00000000ebb80000,0x00000000ebb80000)
  from space 5120K, 99% used [0x00000000ebf00000,0x00000000ec3ff640,0x00000000ec400000)
  to   space 4608K, 0% used [0x00000000ec400000,0x00000000ec400000,0x00000000ec880000)
 ParOldGen       total 98304K, used 86686K [0x00000000c0000000, 0x00000000c6000000, 0x00000000eab00000)
  object space 98304K, 88% used [0x00000000c0000000,0x00000000c54a78e0,0x00000000c6000000)
 Metaspace       used 61940K, committed 63232K, reserved 1114112K
  class space    used 6533K, committed 7104K, reserved 1048576K
}
Event: 51.582 GC heap after
{Heap after GC invocations=55 (full 4):
 PSYoungGen      total 20992K, used 3844K [0x00000000eab00000, 0x00000000ec800000, 0x0000000100000000)
  eden space 16896K, 0% used [0x00000000eab00000,0x00000000eab00000,0x00000000ebb80000)
  from space 4096K, 93% used [0x00000000ec400000,0x00000000ec7c13f0,0x00000000ec800000)
  to   space 4608K, 0% used [0x00000000ebf00000,0x00000000ebf00000,0x00000000ec380000)
 ParOldGen       total 98304K, used 91882K [0x00000000c0000000, 0x00000000c6000000, 0x00000000eab00000)
  object space 98304K, 93% used [0x00000000c0000000,0x00000000c59ba808,0x00000000c6000000)
 Metaspace       used 61940K, committed 63232K, reserved 1114112K
  class space    used 6533K, committed 7104K, reserved 1048576K
}
Event: 51.818 GC heap before
{Heap before GC invocations=56 (full 4):
 PSYoungGen      total 20992K, used 20740K [0x00000000eab00000, 0x00000000ec800000, 0x0000000100000000)
  eden space 16896K, 100% used [0x00000000eab00000,0x00000000ebb80000,0x00000000ebb80000)
  from space 4096K, 93% used [0x00000000ec400000,0x00000000ec7c13f0,0x00000000ec800000)
  to   space 4608K, 0% used [0x00000000ebf00000,0x00000000ebf00000,0x00000000ec380000)
 ParOldGen       total 98304K, used 91882K [0x00000000c0000000, 0x00000000c6000000, 0x00000000eab00000)
  object space 98304K, 93% used [0x00000000c0000000,0x00000000c59ba808,0x00000000c6000000)
 Metaspace       used 61940K, committed 63232K, reserved 1114112K
  class space    used 6533K, committed 7104K, reserved 1048576K
}
Event: 51.822 GC heap after
{Heap after GC invocations=56 (full 4):
 PSYoungGen      total 20992K, used 3806K [0x00000000eab00000, 0x00000000ec480000, 0x0000000100000000)
  eden space 16896K, 0% used [0x00000000eab00000,0x00000000eab00000,0x00000000ebb80000)
  from space 4096K, 92% used [0x00000000ebf00000,0x00000000ec2b7818,0x00000000ec300000)
  to   space 1536K, 0% used [0x00000000ec300000,0x00000000ec300000,0x00000000ec480000)
 ParOldGen       total 98304K, used 95688K [0x00000000c0000000, 0x00000000c6000000, 0x00000000eab00000)
  object space 98304K, 97% used [0x00000000c0000000,0x00000000c5d720b0,0x00000000c6000000)
 Metaspace       used 61940K, committed 63232K, reserved 1114112K
  class space    used 6533K, committed 7104K, reserved 1048576K
}
Event: 51.822 GC heap before
{Heap before GC invocations=57 (full 5):
 PSYoungGen      total 20992K, used 3806K [0x00000000eab00000, 0x00000000ec480000, 0x0000000100000000)
  eden space 16896K, 0% used [0x00000000eab00000,0x00000000eab00000,0x00000000ebb80000)
  from space 4096K, 92% used [0x00000000ebf00000,0x00000000ec2b7818,0x00000000ec300000)
  to   space 1536K, 0% used [0x00000000ec300000,0x00000000ec300000,0x00000000ec480000)
 ParOldGen       total 98304K, used 95688K [0x00000000c0000000, 0x00000000c6000000, 0x00000000eab00000)
  object space 98304K, 97% used [0x00000000c0000000,0x00000000c5d720b0,0x00000000c6000000)
 Metaspace       used 61940K, committed 63232K, reserved 1114112K
  class space    used 6533K, committed 7104K, reserved 1048576K
}
Event: 51.956 GC heap after
{Heap after GC invocations=57 (full 5):
 PSYoungGen      total 17408K, used 0K [0x00000000eab00000, 0x00000000ec380000, 0x0000000100000000)
  eden space 16896K, 0% used [0x00000000eab00000,0x00000000eab00000,0x00000000ebb80000)
  from space 512K, 0% used [0x00000000ec300000,0x00000000ec300000,0x00000000ec380000)
  to   space 4096K, 0% used [0x00000000ebb80000,0x00000000ebb80000,0x00000000ebf80000)
 ParOldGen       total 121344K, used 92362K [0x00000000c0000000, 0x00000000c7680000, 0x00000000eab00000)
  object space 121344K, 76% used [0x00000000c0000000,0x00000000c5a32950,0x00000000c7680000)
 Metaspace       used 61940K, committed 63232K, reserved 1114112K
  class space    used 6533K, committed 7104K, reserved 1048576K
}

